[debug] [2023-08-26T01:31:05.994Z] ----------------------------------------------------------------------
[debug] [2023-08-26T01:31:05.997Z] Command:       C:\Program Files\nodejs\node.exe C:\Users\Admin\AppData\Roaming\npm\node_modules\firebase-tools\lib\bin\firebase.js deploy
[debug] [2023-08-26T01:31:05.997Z] CLI Version:   9.23.0
[debug] [2023-08-26T01:31:05.997Z] Platform:      win32
[debug] [2023-08-26T01:31:05.997Z] Node Version:  v12.22.12
[debug] [2023-08-26T01:31:05.999Z] Time:          Sat Aug 26 2023 07:01:05 GMT+0530 (India Standard Time)
[debug] [2023-08-26T01:31:05.999Z] ----------------------------------------------------------------------
[debug] 
[debug] [2023-08-26T01:31:06.089Z] > command requires scopes: ["email","openid","https://www.googleapis.com/auth/cloudplatformprojects.readonly","https://www.googleapis.com/auth/firebase","https://www.googleapis.com/auth/cloud-platform"]
[debug] [2023-08-26T01:31:06.090Z] > authorizing via signed-in user (deep.prakash.nishad@gmail.com)
[debug] [2023-08-26T01:31:06.090Z] [iam] checking project good-act for permissions ["firebase.projects.get","firebasehosting.sites.update"]
[debug] [2023-08-26T01:31:06.094Z] >>> HTTP REQUEST POST https://cloudresourcemanager.googleapis.com/v1/projects/good-act:testIamPermissions  
 {"permissions":["firebase.projects.get","firebasehosting.sites.update"]}
[debug] [2023-08-26T01:31:07.524Z] <<< HTTP RESPONSE 200 {"content-type":"application/json; charset=UTF-8","vary":"X-Origin, Referer, Origin,Accept-Encoding","date":"Sat, 26 Aug 2023 01:31:07 GMT","server":"ESF","cache-control":"private","x-xss-protection":"0","x-frame-options":"SAMEORIGIN","x-content-type-options":"nosniff","server-timing":"gfet4t7; dur=1177","alt-svc":"h3=\":443\"; ma=2592000,h3-29=\":443\"; ma=2592000","accept-ranges":"none","transfer-encoding":"chunked"}
[debug] [2023-08-26T01:31:07.528Z] > refreshing access token with scopes: []
[debug] [2023-08-26T01:31:07.528Z] >>> HTTP REQUEST POST https://www.googleapis.com/oauth2/v3/token  
 <request body omitted>
[debug] [2023-08-26T01:31:07.783Z] <<< HTTP RESPONSE 200 {"cache-control":"no-cache, no-store, max-age=0, must-revalidate","date":"Sat, 26 Aug 2023 01:31:07 GMT","expires":"Mon, 01 Jan 1990 00:00:00 GMT","pragma":"no-cache","content-type":"application/json; charset=utf-8","vary":"X-Origin, Referer, Origin,Accept-Encoding","server":"scaffolding on HTTPServer2","x-xss-protection":"0","x-frame-options":"SAMEORIGIN","x-content-type-options":"nosniff","alt-svc":"h3=\":443\"; ma=2592000,h3-29=\":443\"; ma=2592000","accept-ranges":"none","transfer-encoding":"chunked"}
[debug] [2023-08-26T01:31:08.082Z] >>> [apiv2][query] GET https://firebase.googleapis.com/v1beta1/projects/good-act [none]
[debug] [2023-08-26T01:31:08.865Z] <<< [apiv2][status] GET https://firebase.googleapis.com/v1beta1/projects/good-act 200
[debug] [2023-08-26T01:31:08.866Z] <<< [apiv2][body] GET https://firebase.googleapis.com/v1beta1/projects/good-act {"projectId":"good-act","projectNumber":"769896398353","displayName":"GoodAct","name":"projects/good-act","resources":{"hostingSite":"good-act","storageBucket":"good-act.appspot.com","locationId":"asia-southeast1"},"state":"ACTIVE","etag":"1_5f584d17-ec4b-492c-b3d4-b5cb05d306fa"}
[info] 
[info] === Deploying to 'good-act'...
[info] 
[info] i  deploying hosting 
[debug] [2023-08-26T01:31:08.875Z] > refreshing access token with scopes: ["email","https://www.googleapis.com/auth/cloud-platform","https://www.googleapis.com/auth/cloudplatformprojects.readonly","https://www.googleapis.com/auth/firebase","openid"]
[debug] [2023-08-26T01:31:08.876Z] >>> HTTP REQUEST POST https://www.googleapis.com/oauth2/v3/token  
 <request body omitted>
[debug] [2023-08-26T01:31:09.104Z] <<< HTTP RESPONSE 200 {"cache-control":"no-cache, no-store, max-age=0, must-revalidate","expires":"Mon, 01 Jan 1990 00:00:00 GMT","date":"Sat, 26 Aug 2023 01:31:08 GMT","pragma":"no-cache","content-type":"application/json; charset=utf-8","vary":"X-Origin, Referer, Origin,Accept-Encoding","server":"scaffolding on HTTPServer2","x-xss-protection":"0","x-frame-options":"SAMEORIGIN","x-content-type-options":"nosniff","alt-svc":"h3=\":443\"; ma=2592000,h3-29=\":443\"; ma=2592000","accept-ranges":"none","transfer-encoding":"chunked"}
[debug] [2023-08-26T01:31:09.630Z] >>> HTTP REQUEST POST https://firebasehosting.googleapis.com/v1beta1/sites/good-act/versions  
 {"config":{"rewrites":[{"glob":"/api/:path*","path":"https://goodact.onrender.com/:path"},{"glob":"/allpay/:path*","path":"https://node-allpay.onrender.com/:path"},{"glob":"/api-pincode/:path*","path":"https://api.postalpincode.in/pincode/:path"},{"glob":"**","path":"/index.html"}],"redirects":[]},"labels":{"deployment-tool":"cli-firebase"}}
[debug] [2023-08-26T01:31:11.028Z] <<< HTTP RESPONSE 200 {"content-type":"application/json; charset=UTF-8","vary":"X-Origin, Referer, Origin,Accept-Encoding","date":"Sat, 26 Aug 2023 01:31:10 GMT","server":"ESF","cache-control":"private","x-xss-protection":"0","x-frame-options":"SAMEORIGIN","x-content-type-options":"nosniff","alt-svc":"h3=\":443\"; ma=2592000,h3-29=\":443\"; ma=2592000","accept-ranges":"none","transfer-encoding":"chunked"}
[info] i  hosting[good-act]: beginning deploy... 
[info] i  hosting[good-act]: found 63 files in dist 
[debug] [2023-08-26T01:31:11.330Z] > refreshing access token with scopes: []
